🔍 Checking Docker container health...
✅ All containers are healthy.
[2025-06-20 05:35:01] Running JeffOps watchdog...
[2025-06-20 05:35:01] All containers healthy ✅
[2025-06-20 05:40:01] Running JeffOps watchdog...
[2025-06-20 05:40:01] All containers healthy ✅
[2025-06-20 05:45:01] Running JeffOps watchdog...
[2025-06-20 05:45:01] All containers healthy ✅
[2025-06-20 05:50:01] Running JeffOps watchdog...
[2025-06-20 05:50:01] All containers healthy ✅
[2025-06-20 05:55:01] Running JeffOps watchdog...
[2025-06-20 05:55:01] All containers healthy ✅
[2025-06-20 06:00:01] Running JeffOps watchdog...
[2025-06-20 06:00:01] All containers healthy ✅
[2025-06-20 06:05:01] Running JeffOps watchdog...
[2025-06-20 06:05:01] All containers healthy ✅
[2025-06-20 06:10:01] Running JeffOps watchdog...
[2025-06-20 06:10:01] All containers healthy ✅
[2025-06-20 06:15:01] Running JeffOps watchdog...
[2025-06-20 06:15:01] All containers healthy ✅
[2025-06-20 06:20:01] Running JeffOps watchdog...
[2025-06-20 06:20:01] All containers healthy ✅
[2025-06-20 06:25:01] Running JeffOps watchdog...
[2025-06-20 06:25:01] All containers healthy ✅
[2025-06-20 06:30:01] Running JeffOps watchdog...
[2025-06-20 06:30:01] All containers healthy ✅
[2025-06-20 06:35:01] Running JeffOps watchdog...
[2025-06-20 06:35:01] All containers healthy ✅
[2025-06-20 06:40:01] Running JeffOps watchdog...
[2025-06-20 06:40:01] All containers healthy ✅
[2025-06-20 06:45:01] Running JeffOps watchdog...
[2025-06-20 06:45:01] All containers healthy ✅
[2025-06-20 06:50:02] Running JeffOps watchdog...
[2025-06-20 06:50:02] All containers healthy ✅
[2025-06-20 06:55:01] Running JeffOps watchdog...
[2025-06-20 06:55:01] All containers healthy ✅
[2025-06-20 07:00:01] Running JeffOps watchdog...
[2025-06-20 07:00:01] All containers healthy ✅
[2025-06-20 07:05:01] Running JeffOps watchdog...
[2025-06-20 07:05:01] All containers healthy ✅
[2025-06-20 07:10:01] Running JeffOps watchdog...
[2025-06-20 07:10:01] All containers healthy ✅
[2025-06-20 07:15:01] Running JeffOps watchdog...
[2025-06-20 07:15:01] All containers healthy ✅
[2025-06-20 07:20:01] Running JeffOps watchdog...
[2025-06-20 07:20:01] All containers healthy ✅
[2025-06-20 07:25:01] Running JeffOps watchdog...
[2025-06-20 07:25:01] All containers healthy ✅
[2025-06-20 07:30:01] Running JeffOps watchdog...
[2025-06-20 07:30:01] All containers healthy ✅
[2025-06-20 07:35:01] Running JeffOps watchdog...
[2025-06-20 07:35:01] All containers healthy ✅
[2025-06-20 07:40:01] Running JeffOps watchdog...
[2025-06-20 07:40:01] All containers healthy ✅
[2025-06-20 07:45:01] Running JeffOps watchdog...
[2025-06-20 07:45:01] All containers healthy ✅
[2025-06-20 07:50:01] Running JeffOps watchdog...
[2025-06-20 07:50:01] All containers healthy ✅
[2025-06-20 07:55:01] Running JeffOps watchdog...
[2025-06-20 07:55:01] All containers healthy ✅
[2025-06-20 08:00:01] Running JeffOps watchdog...
[2025-06-20 08:00:01] All containers healthy ✅
[2025-06-20 08:05:01] Running JeffOps watchdog...
[2025-06-20 08:05:01] All containers healthy ✅
[2025-06-20 08:10:01] Running JeffOps watchdog...
[2025-06-20 08:10:01] All containers healthy ✅
[2025-06-20 08:15:01] Running JeffOps watchdog...
[2025-06-20 08:15:01] All containers healthy ✅
[2025-06-20 08:20:01] Running JeffOps watchdog...
[2025-06-20 08:20:01] All containers healthy ✅
[2025-06-20 08:25:01] Running JeffOps watchdog...
[2025-06-20 08:25:01] All containers healthy ✅
[2025-06-20 08:30:01] Running JeffOps watchdog...
[2025-06-20 08:30:01] All containers healthy ✅
[2025-06-20 08:35:01] Running JeffOps watchdog...
[2025-06-20 08:35:01] All containers healthy ✅
[2025-06-20 08:40:01] Running JeffOps watchdog...
[2025-06-20 08:40:01] All containers healthy ✅
[2025-06-20 08:45:01] Running JeffOps watchdog...
[2025-06-20 08:45:01] All containers healthy ✅
[2025-06-20 08:50:01] Running JeffOps watchdog...
[2025-06-20 08:50:01] All containers healthy ✅
[2025-06-20 08:55:01] Running JeffOps watchdog...
[2025-06-20 08:55:01] All containers healthy ✅
[2025-06-20 09:00:01] Running JeffOps watchdog...
[2025-06-20 09:00:01] All containers healthy ✅
[2025-06-20 09:05:01] Running JeffOps watchdog...
[2025-06-20 09:05:01] All containers healthy ✅
[2025-06-20 09:10:01] Running JeffOps watchdog...
[2025-06-20 09:10:01] All containers healthy ✅
[2025-06-20 09:15:01] Running JeffOps watchdog...
[2025-06-20 09:15:01] All containers healthy ✅
[2025-06-20 09:20:01] Running JeffOps watchdog...
[2025-06-20 09:20:01] All containers healthy ✅
[2025-06-20 09:25:01] Running JeffOps watchdog...
[2025-06-20 09:25:01] All containers healthy ✅
[2025-06-20 09:30:01] Running JeffOps watchdog...
[2025-06-20 09:30:01] All containers healthy ✅
[2025-06-20 09:35:01] Running JeffOps watchdog...
[2025-06-20 09:35:01] All containers healthy ✅
[2025-06-20 09:40:01] Running JeffOps watchdog...
[2025-06-20 09:40:01] All containers healthy ✅
[2025-06-20 09:45:01] Running JeffOps watchdog...
[2025-06-20 09:45:01] All containers healthy ✅
[2025-06-20 09:50:01] Running JeffOps watchdog...
[2025-06-20 09:50:01] All containers healthy ✅
[2025-06-20 09:55:01] Running JeffOps watchdog...
[2025-06-20 09:55:01] All containers healthy ✅
[2025-06-20 10:00:01] Running JeffOps watchdog...
[2025-06-20 10:00:01] All containers healthy ✅
[2025-06-20 10:05:01] Running JeffOps watchdog...
[2025-06-20 10:05:01] All containers healthy ✅
[2025-06-20 10:10:01] Running JeffOps watchdog...
[2025-06-20 10:10:01] All containers healthy ✅
[2025-06-20 10:15:01] Running JeffOps watchdog...
[2025-06-20 10:15:01] All containers healthy ✅
[2025-06-20 10:20:01] Running JeffOps watchdog...
[2025-06-20 10:20:01] All containers healthy ✅
[2025-06-20 10:25:01] Running JeffOps watchdog...
[2025-06-20 10:25:01] All containers healthy ✅
[2025-06-20 10:30:01] Running JeffOps watchdog...
[2025-06-20 10:30:01] All containers healthy ✅
[2025-06-20 10:35:01] Running JeffOps watchdog...
[2025-06-20 10:35:01] All containers healthy ✅
[2025-06-20 10:40:01] Running JeffOps watchdog...
[2025-06-20 10:40:01] All containers healthy ✅
[2025-06-20 10:45:01] Running JeffOps watchdog...
[2025-06-20 10:45:01] All containers healthy ✅
[2025-06-20 10:50:01] Running JeffOps watchdog...
[2025-06-20 10:50:01] All containers healthy ✅
[2025-06-20 10:55:01] Running JeffOps watchdog...
[2025-06-20 10:55:01] All containers healthy ✅
[2025-06-20 11:00:01] Running JeffOps watchdog...
[2025-06-20 11:00:01] All containers healthy ✅
[2025-06-20 11:05:01] Running JeffOps watchdog...
[2025-06-20 11:05:01] All containers healthy ✅
[2025-06-20 11:10:01] Running JeffOps watchdog...
[2025-06-20 11:10:01] All containers healthy ✅
[2025-06-20 11:15:01] Running JeffOps watchdog...
[2025-06-20 11:15:01] All containers healthy ✅
[2025-06-20 11:20:01] Running JeffOps watchdog...
[2025-06-20 11:20:01] All containers healthy ✅
[2025-06-20 11:25:01] Running JeffOps watchdog...
[2025-06-20 11:25:01] All containers healthy ✅
[2025-06-20 11:30:01] Running JeffOps watchdog...
[2025-06-20 11:30:01] All containers healthy ✅
[2025-06-20 11:35:01] Running JeffOps watchdog...
[2025-06-20 11:35:01] All containers healthy ✅
[2025-06-20 11:40:01] Running JeffOps watchdog...
[2025-06-20 11:40:01] All containers healthy ✅
[2025-06-20 11:45:01] Running JeffOps watchdog...
[2025-06-20 11:45:01] All containers healthy ✅
[2025-06-20 11:50:01] Running JeffOps watchdog...
[2025-06-20 11:50:01] All containers healthy ✅
[2025-06-20 11:55:01] Running JeffOps watchdog...
[2025-06-20 11:55:01] All containers healthy ✅
[2025-06-20 12:00:01] Running JeffOps watchdog...
[2025-06-20 12:00:01] All containers healthy ✅
[2025-06-20 12:05:01] Running JeffOps watchdog...
[2025-06-20 12:05:01] All containers healthy ✅
[2025-06-20 12:10:01] Running JeffOps watchdog...
[2025-06-20 12:10:01] All containers healthy ✅
[2025-06-20 12:15:01] Running JeffOps watchdog...
[2025-06-20 12:15:01] All containers healthy ✅
[2025-06-20 12:20:01] Running JeffOps watchdog...
[2025-06-20 12:20:01] All containers healthy ✅
[2025-06-20 12:25:01] Running JeffOps watchdog...
[2025-06-20 12:25:01] All containers healthy ✅
[2025-06-20 12:30:01] Running JeffOps watchdog...
[2025-06-20 12:30:01] All containers healthy ✅
[2025-06-20 12:35:01] Running JeffOps watchdog...
[2025-06-20 12:35:01] All containers healthy ✅
[2025-06-20 12:40:01] Running JeffOps watchdog...
[2025-06-20 12:40:01] All containers healthy ✅
[2025-06-20 12:45:01] Running JeffOps watchdog...
[2025-06-20 12:45:01] All containers healthy ✅
[2025-06-20 12:50:01] Running JeffOps watchdog...
[2025-06-20 12:50:01] All containers healthy ✅
[2025-06-20 12:55:01] Running JeffOps watchdog...
[2025-06-20 12:55:01] All containers healthy ✅
[2025-06-20 13:00:01] Running JeffOps watchdog...
[2025-06-20 13:00:01] All containers healthy ✅
[2025-06-20 13:05:01] Running JeffOps watchdog...
[2025-06-20 13:05:01] All containers healthy ✅
[2025-06-20 13:10:01] Running JeffOps watchdog...
[2025-06-20 13:10:01] All containers healthy ✅
[2025-06-20 13:15:01] Running JeffOps watchdog...
[2025-06-20 13:15:01] All containers healthy ✅
[2025-06-20 13:20:01] Running JeffOps watchdog...
[2025-06-20 13:20:01] All containers healthy ✅
[2025-06-20 13:25:01] Running JeffOps watchdog...
[2025-06-20 13:25:01] All containers healthy ✅
[2025-06-20 13:30:01] Running JeffOps watchdog...
[2025-06-20 13:30:01] All containers healthy ✅
[2025-06-20 13:35:01] Running JeffOps watchdog...
[2025-06-20 13:35:01] All containers healthy ✅
[2025-06-20 13:40:01] Running JeffOps watchdog...
[2025-06-20 13:40:01] All containers healthy ✅
[2025-06-20 13:45:01] Running JeffOps watchdog...
[2025-06-20 13:45:01] All containers healthy ✅
[2025-06-20 13:50:01] Running JeffOps watchdog...
[2025-06-20 13:50:01] All containers healthy ✅
[2025-06-20 13:55:01] Running JeffOps watchdog...
[2025-06-20 13:55:01] All containers healthy ✅
[2025-06-20 14:00:01] Running JeffOps watchdog...
[2025-06-20 14:00:01] All containers healthy ✅
[2025-06-20 14:05:01] Running JeffOps watchdog...
[2025-06-20 14:05:01] All containers healthy ✅
[2025-06-20 14:10:01] Running JeffOps watchdog...
[2025-06-20 14:10:01] All containers healthy ✅
[2025-06-20 14:15:01] Running JeffOps watchdog...
[2025-06-20 14:15:01] All containers healthy ✅
[2025-06-20 14:20:01] Running JeffOps watchdog...
[2025-06-20 14:20:01] All containers healthy ✅
[2025-06-20 14:25:01] Running JeffOps watchdog...
[2025-06-20 14:25:01] All containers healthy ✅
[2025-06-20 14:30:01] Running JeffOps watchdog...
[2025-06-20 14:30:01] All containers healthy ✅
[2025-06-20 14:35:01] Running JeffOps watchdog...
[2025-06-20 14:35:01] All containers healthy ✅
[2025-06-20 14:40:01] Running JeffOps watchdog...
[2025-06-20 14:40:01] All containers healthy ✅
[2025-06-20 14:45:01] Running JeffOps watchdog...
[2025-06-20 14:45:01] All containers healthy ✅
[2025-06-20 14:50:01] Running JeffOps watchdog...
[2025-06-20 14:50:01] All containers healthy ✅
[2025-06-20 14:55:01] Running JeffOps watchdog...
[2025-06-20 14:55:01] All containers healthy ✅
[2025-06-20 15:00:01] Running JeffOps watchdog...
[2025-06-20 15:00:01] All containers healthy ✅
[2025-06-20 15:05:01] Running JeffOps watchdog...
[2025-06-20 15:05:01] All containers healthy ✅
[2025-06-20 15:10:01] Running JeffOps watchdog...
[2025-06-20 15:10:01] All containers healthy ✅
[2025-06-20 15:15:01] Running JeffOps watchdog...
[2025-06-20 15:15:01] All containers healthy ✅
[2025-06-20 15:20:01] Running JeffOps watchdog...
[2025-06-20 15:20:01] All containers healthy ✅
[2025-06-20 15:25:01] Running JeffOps watchdog...
[2025-06-20 15:25:01] All containers healthy ✅
[2025-06-20 15:30:01] Running JeffOps watchdog...
[2025-06-20 15:30:01] All containers healthy ✅
[2025-06-20 15:35:01] Running JeffOps watchdog...
[2025-06-20 15:35:01] All containers healthy ✅
[2025-06-20 15:40:01] Running JeffOps watchdog...
[2025-06-20 15:40:01] All containers healthy ✅
[2025-06-20 15:45:01] Running JeffOps watchdog...
[2025-06-20 15:45:01] All containers healthy ✅
[2025-06-20 15:50:01] Running JeffOps watchdog...
[2025-06-20 15:50:01] All containers healthy ✅
[2025-06-20 15:55:01] Running JeffOps watchdog...
[2025-06-20 15:55:01] All containers healthy ✅
[2025-06-20 16:00:01] Running JeffOps watchdog...
[2025-06-20 16:00:01] All containers healthy ✅
[2025-06-20 16:05:01] Running JeffOps watchdog...
[2025-06-20 16:05:01] All containers healthy ✅
[2025-06-20 16:10:01] Running JeffOps watchdog...
[2025-06-20 16:10:01] All containers healthy ✅
[2025-06-20 16:15:01] Running JeffOps watchdog...
[2025-06-20 16:15:01] All containers healthy ✅
[2025-06-20 16:20:01] Running JeffOps watchdog...
[2025-06-20 16:20:01] All containers healthy ✅
[2025-06-20 16:25:01] Running JeffOps watchdog...
[2025-06-20 16:25:01] All containers healthy ✅
[2025-06-20 16:30:01] Running JeffOps watchdog...
[2025-06-20 16:30:01] All containers healthy ✅
[2025-06-20 16:35:01] Running JeffOps watchdog...
[2025-06-20 16:35:01] All containers healthy ✅
[2025-06-20 16:40:01] Running JeffOps watchdog...
[2025-06-20 16:40:01] All containers healthy ✅
[2025-06-20 16:45:01] Running JeffOps watchdog...
[2025-06-20 16:45:01] All containers healthy ✅
[2025-06-20 16:50:01] Running JeffOps watchdog...
[2025-06-20 16:50:01] All containers healthy ✅
[2025-06-20 16:55:01] Running JeffOps watchdog...
[2025-06-20 16:55:01] All containers healthy ✅
[2025-06-20 17:00:01] Running JeffOps watchdog...
[2025-06-20 17:00:01] All containers healthy ✅
[2025-06-20 17:05:01] Running JeffOps watchdog...
[2025-06-20 17:05:01] All containers healthy ✅
[2025-06-20 17:10:01] Running JeffOps watchdog...
[2025-06-20 17:10:01] All containers healthy ✅
[2025-06-20 17:15:01] Running JeffOps watchdog...
[2025-06-20 17:15:01] All containers healthy ✅
[2025-06-20 17:20:01] Running JeffOps watchdog...
[2025-06-20 17:20:01] All containers healthy ✅
[2025-06-20 17:25:01] Running JeffOps watchdog...
[2025-06-20 17:25:01] All containers healthy ✅
[2025-06-20 17:30:01] Running JeffOps watchdog...
[2025-06-20 17:30:01] All containers healthy ✅
[2025-06-20 17:35:01] Running JeffOps watchdog...
[2025-06-20 17:35:01] All containers healthy ✅
[2025-06-20 17:40:01] Running JeffOps watchdog...
[2025-06-20 17:40:01] All containers healthy ✅
[2025-06-20 17:45:01] Running JeffOps watchdog...
[2025-06-20 17:45:01] All containers healthy ✅
[2025-06-20 17:50:01] Running JeffOps watchdog...
[2025-06-20 17:50:01] All containers healthy ✅
[2025-06-20 17:55:01] Running JeffOps watchdog...
[2025-06-20 17:55:01] All containers healthy ✅
[2025-06-20 18:00:01] Running JeffOps watchdog...
[2025-06-20 18:00:01] All containers healthy ✅
[2025-06-20 18:05:01] Running JeffOps watchdog...
[2025-06-20 18:05:01] All containers healthy ✅
[2025-06-20 18:10:01] Running JeffOps watchdog...
[2025-06-20 18:10:01] All containers healthy ✅
[2025-06-20 18:15:01] Running JeffOps watchdog...
[2025-06-20 18:15:01] All containers healthy ✅
[2025-06-20 18:20:01] Running JeffOps watchdog...
[2025-06-20 18:20:01] All containers healthy ✅
[2025-06-20 18:25:01] Running JeffOps watchdog...
[2025-06-20 18:25:01] All containers healthy ✅
[2025-06-20 18:30:01] Running JeffOps watchdog...
[2025-06-20 18:30:01] All containers healthy ✅
[2025-06-20 18:35:01] Running JeffOps watchdog...
[2025-06-20 18:35:01] All containers healthy ✅
[2025-06-20 18:40:01] Running JeffOps watchdog...
[2025-06-20 18:40:01] All containers healthy ✅
[2025-06-20 18:45:01] Running JeffOps watchdog...
[2025-06-20 18:45:01] All containers healthy ✅
[2025-06-20 18:50:01] Running JeffOps watchdog...
[2025-06-20 18:50:01] All containers healthy ✅
[2025-06-20 18:55:01] Running JeffOps watchdog...
[2025-06-20 18:55:01] All containers healthy ✅
[2025-06-20 19:00:01] Running JeffOps watchdog...
[2025-06-20 19:00:01] All containers healthy ✅
[2025-06-20 19:05:01] Running JeffOps watchdog...
[2025-06-20 19:05:01] All containers healthy ✅
[2025-06-20 19:10:01] Running JeffOps watchdog...
[2025-06-20 19:10:01] All containers healthy ✅
[2025-06-20 19:15:01] Running JeffOps watchdog...
[2025-06-20 19:15:01] All containers healthy ✅
[2025-06-20 19:20:01] Running JeffOps watchdog...
[2025-06-20 19:20:01] All containers healthy ✅
[2025-06-20 19:25:02] Running JeffOps watchdog...
[2025-06-20 19:25:02] All containers healthy ✅
[2025-06-20 19:30:01] Running JeffOps watchdog...
[2025-06-20 19:30:01] All containers healthy ✅
[2025-06-20 19:35:01] Running JeffOps watchdog...
[2025-06-20 19:35:01] All containers healthy ✅
[2025-06-20 19:40:01] Running JeffOps watchdog...
[2025-06-20 19:40:01] All containers healthy ✅
[2025-06-20 19:45:01] Running JeffOps watchdog...
[2025-06-20 19:45:01] All containers healthy ✅
[2025-06-20 19:50:01] Running JeffOps watchdog...
[2025-06-20 19:50:01] All containers healthy ✅
[2025-06-20 19:55:01] Running JeffOps watchdog...
[2025-06-20 19:55:01] All containers healthy ✅
[2025-06-20 20:00:01] Running JeffOps watchdog...
[2025-06-20 20:00:01] All containers healthy ✅
[2025-06-20 20:05:01] Running JeffOps watchdog...
[2025-06-20 20:05:01] All containers healthy ✅
[2025-06-20 20:10:01] Running JeffOps watchdog...
[2025-06-20 20:10:01] All containers healthy ✅
[2025-06-20 20:15:01] Running JeffOps watchdog...
[2025-06-20 20:15:01] All containers healthy ✅
[2025-06-20 20:20:01] Running JeffOps watchdog...
[2025-06-20 20:20:01] All containers healthy ✅
[2025-06-20 20:25:01] Running JeffOps watchdog...
[2025-06-20 20:25:01] All containers healthy ✅
[2025-06-20 20:30:01] Running JeffOps watchdog...
[2025-06-20 20:30:01] All containers healthy ✅
[2025-06-20 20:35:01] Running JeffOps watchdog...
[2025-06-20 20:35:01] All containers healthy ✅
[2025-06-20 20:40:01] Running JeffOps watchdog...
[2025-06-20 20:40:01] All containers healthy ✅
[2025-06-20 20:45:01] Running JeffOps watchdog...
[2025-06-20 20:45:01] All containers healthy ✅
[2025-06-20 20:50:01] Running JeffOps watchdog...
[2025-06-20 20:50:01] All containers healthy ✅
[2025-06-20 20:58:07] Running JeffOps watchdog...
[2025-06-20 20:58:07] All containers healthy ✅
[2025-06-20 21:01:35] Running JeffOps watchdog...
[2025-06-20 21:01:35] All containers healthy ✅
[2025-06-20 21:05:01] Running JeffOps watchdog...
[2025-06-20 21:05:01] All containers healthy ✅
[2025-06-20 21:10:01] Running JeffOps watchdog...
[2025-06-20 21:10:01] All containers healthy ✅
[2025-06-20 21:15:10] Running JeffOps watchdog...
[2025-06-20 21:15:10] All containers healthy ✅
[2025-06-20 21:33:41] Running JeffOps watchdog...
[2025-06-20 21:33:41] Running JeffOps watchdog...
[2025-06-20 21:33:41] Running JeffOps watchdog...
[2025-06-20 21:33:41] All containers healthy ✅
[2025-06-20 21:33:41] All containers healthy ✅
[2025-06-20 21:33:41] All containers healthy ✅
[2025-06-20 21:35:01] Running JeffOps watchdog...
[2025-06-20 21:35:01] All containers healthy ✅
[2025-06-20 21:40:01] Running JeffOps watchdog...
[2025-06-20 21:40:01] All containers healthy ✅
[2025-06-20 21:45:01] Running JeffOps watchdog...
[2025-06-20 21:45:01] All containers healthy ✅
[2025-06-20 21:50:01] Running JeffOps watchdog...
[2025-06-20 21:50:01] All containers healthy ✅
[2025-06-20 21:55:01] Running JeffOps watchdog...
[2025-06-20 21:55:01] All containers healthy ✅
[2025-06-20 22:00:01] Running JeffOps watchdog...
[2025-06-20 22:00:01] All containers healthy ✅
[2025-06-20 22:05:01] Running JeffOps watchdog...
[2025-06-20 22:05:01] All containers healthy ✅
[2025-06-20 22:10:01] Running JeffOps watchdog...
[2025-06-20 22:10:01] All containers healthy ✅
[2025-06-20 22:15:01] Running JeffOps watchdog...
[2025-06-20 22:15:01] 🚨 Restarting unhealthy container: containers-api-1
containers-api-1
[2025-06-20 22:15:01] 🚨 Restarting unhealthy container: directus
directus
[2025-06-20 22:20:01] Running JeffOps watchdog...
[2025-06-20 22:20:01] 🚨 Restarting unhealthy container: containers-api-1
containers-api-1
[2025-06-20 22:20:01] 🚨 Restarting unhealthy container: directus
directus
[2025-06-20 22:25:01] Running JeffOps watchdog...
[2025-06-20 22:25:01] 🚨 Restarting unhealthy container: containers-api-1
containers-api-1
[2025-06-20 22:25:01] 🚨 Restarting unhealthy container: directus
directus
[2025-06-20 22:30:01] Running JeffOps watchdog...
[2025-06-20 22:30:01] 🚨 Restarting unhealthy container: directus
directus
[2025-06-20 22:35:01] Running JeffOps watchdog...
[2025-06-20 22:35:01] 🚨 Restarting unhealthy container: containers-api-1
containers-api-1
[2025-06-20 22:35:01] 🚨 Restarting unhealthy container: directus
directus
[2025-06-20 22:40:01] Running JeffOps watchdog...
[2025-06-20 22:40:01] All containers healthy ✅
[2025-06-20 22:45:01] Running JeffOps watchdog...
[2025-06-20 22:45:01] 🚨 Restarting unhealthy container: directus
directus
[2025-06-20 22:45:01] 🚨 Restarting unhealthy container: containers-api-1
containers-api-1
[2025-06-20 22:50:01] Running JeffOps watchdog...
[2025-06-20 22:50:01] 🚨 Restarting unhealthy container: directus
directus
[2025-06-20 22:50:01] 🚨 Restarting unhealthy container: containers-api-1
containers-api-1
[2025-06-20 22:55:01] Running JeffOps watchdog...
[2025-06-20 22:55:01] 🚨 Restarting unhealthy container: directus
directus
[2025-06-20 22:55:01] 🚨 Restarting unhealthy container: containers-api-1
containers-api-1
[2025-06-20 23:00:01] Running JeffOps watchdog...
[2025-06-20 23:00:01] All containers healthy ✅
[2025-06-20 23:05:01] Running JeffOps watchdog...
[2025-06-20 23:05:01] 🚨 Restarting unhealthy container: directus
directus
[2025-06-20 23:05:01] 🚨 Restarting unhealthy container: containers-api-1
containers-api-1
[2025-06-20 23:10:01] Running JeffOps watchdog...
[2025-06-20 23:10:01] 🚨 Restarting unhealthy container: directus
directus
[2025-06-20 23:10:01] 🚨 Restarting unhealthy container: containers-api-1
containers-api-1
[2025-06-20 23:15:01] Running JeffOps watchdog...
[2025-06-20 23:15:01] 🚨 Restarting unhealthy container: directus
directus
[2025-06-20 23:15:01] 🚨 Restarting unhealthy container: containers-api-1
containers-api-1
[2025-06-20 23:20:01] Running JeffOps watchdog...
[2025-06-20 23:20:01] 🚨 Restarting unhealthy container: directus
directus
[2025-06-20 23:20:01] 🚨 Restarting unhealthy container: containers-api-1
containers-api-1
[2025-06-20 23:25:01] Running JeffOps watchdog...
[2025-06-20 23:25:01] 🚨 Restarting unhealthy container: directus
directus
[2025-06-20 23:25:01] 🚨 Restarting unhealthy container: containers-api-1
containers-api-1
[2025-06-20 23:30:01] Running JeffOps watchdog...
[2025-06-20 23:30:01] 🚨 Restarting unhealthy container: directus
directus
[2025-06-20 23:30:01] 🚨 Restarting unhealthy container: containers-api-1
containers-api-1
[2025-06-20 23:35:01] Running JeffOps watchdog...
[2025-06-20 23:35:01] 🚨 Restarting unhealthy container: directus
directus
[2025-06-20 23:35:01] 🚨 Restarting unhealthy container: containers-api-1
containers-api-1
[2025-06-20 23:40:01] Running JeffOps watchdog...
[2025-06-20 23:40:01] 🚨 Restarting unhealthy container: directus
directus
[2025-06-20 23:40:01] 🚨 Restarting unhealthy container: containers-api-1
containers-api-1
[2025-06-20 23:45:01] Running JeffOps watchdog...
[2025-06-20 23:45:01] 🚨 Restarting unhealthy container: directus
directus
[2025-06-20 23:45:01] 🚨 Restarting unhealthy container: containers-api-1
containers-api-1
[2025-06-20 23:50:01] Running JeffOps watchdog...
[2025-06-20 23:50:01] 🚨 Restarting unhealthy container: directus
directus
[2025-06-20 23:50:01] 🚨 Restarting unhealthy container: containers-api-1
containers-api-1
[2025-06-20 23:55:01] Running JeffOps watchdog...
[2025-06-20 23:55:01] 🚨 Restarting unhealthy container: directus
directus
[2025-06-20 23:55:01] 🚨 Restarting unhealthy container: containers-api-1
containers-api-1
[2025-06-21 00:00:01] Running JeffOps watchdog...
[2025-06-21 00:00:01] 🚨 Restarting unhealthy container: directus
directus
[2025-06-21 00:00:01] 🚨 Restarting unhealthy container: containers-api-1
containers-api-1
[2025-06-21 00:05:01] Running JeffOps watchdog...
[2025-06-21 00:05:01] 🚨 Restarting unhealthy container: directus
directus
[2025-06-21 00:05:01] 🚨 Restarting unhealthy container: containers-api-1
containers-api-1
[2025-06-21 00:10:01] Running JeffOps watchdog...
[2025-06-21 00:10:01] 🚨 Restarting unhealthy container: directus
directus
[2025-06-21 00:10:01] 🚨 Restarting unhealthy container: containers-api-1
containers-api-1
[2025-06-21 00:15:01] Running JeffOps watchdog...
[2025-06-21 00:15:01] 🚨 Restarting unhealthy container: directus
directus
[2025-06-21 00:15:01] 🚨 Restarting unhealthy container: containers-api-1
containers-api-1
[2025-06-21 00:20:01] Running JeffOps watchdog...
[2025-06-21 00:20:01] 🚨 Restarting unhealthy container: directus
directus
[2025-06-21 00:20:01] 🚨 Restarting unhealthy container: containers-api-1
containers-api-1
[2025-06-21 00:25:01] Running JeffOps watchdog...
[2025-06-21 00:25:01] 🚨 Restarting unhealthy container: directus
directus
[2025-06-21 00:25:01] 🚨 Restarting unhealthy container: containers-api-1
containers-api-1
[2025-06-21 00:30:01] Running JeffOps watchdog...
[2025-06-21 00:30:01] 🚨 Restarting unhealthy container: directus
directus
[2025-06-21 00:30:01] 🚨 Restarting unhealthy container: containers-api-1
containers-api-1
[2025-06-21 00:35:01] Running JeffOps watchdog...
[2025-06-21 00:35:01] 🚨 Restarting unhealthy container: directus
directus
[2025-06-21 00:35:01] 🚨 Restarting unhealthy container: containers-api-1
containers-api-1
[2025-06-21 00:40:01] Running JeffOps watchdog...
[2025-06-21 00:40:01] 🚨 Restarting unhealthy container: directus
directus
[2025-06-21 00:40:01] 🚨 Restarting unhealthy container: containers-api-1
containers-api-1
[2025-06-21 00:45:01] Running JeffOps watchdog...
[2025-06-21 00:45:01] All containers healthy ✅
[2025-06-21 00:50:01] Running JeffOps watchdog...
[2025-06-21 00:50:01] All containers healthy ✅
[2025-06-21 00:55:01] Running JeffOps watchdog...
[2025-06-21 00:55:01] All containers healthy ✅
[2025-06-21 01:00:01] Running JeffOps watchdog...
[2025-06-21 01:00:01] 🚨 Restarting unhealthy container: containers-api-1
containers-api-1
[2025-06-21 01:05:01] Running JeffOps watchdog...
[2025-06-21 01:05:01] 🚨 Restarting unhealthy container: containers-api-1
containers-api-1
[2025-06-21 01:10:01] Running JeffOps watchdog...
[2025-06-21 01:10:01] 🚨 Restarting unhealthy container: containers-api-1
containers-api-1
[2025-06-21 01:15:01] Running JeffOps watchdog...
[2025-06-21 01:15:01] 🚨 Restarting unhealthy container: containers-api-1
containers-api-1
[2025-06-21 01:20:01] Running JeffOps watchdog...
[2025-06-21 01:20:01] 🚨 Restarting unhealthy container: containers-api-1
containers-api-1
[2025-06-21 01:25:01] Running JeffOps watchdog...
[2025-06-21 01:25:01] 🚨 Restarting unhealthy container: containers-api-1
containers-api-1
[2025-06-21 01:30:01] Running JeffOps watchdog...
[2025-06-21 01:30:01] 🚨 Restarting unhealthy container: containers-api-1
containers-api-1
[2025-06-21 01:35:01] Running JeffOps watchdog...
[2025-06-21 01:35:01] 🚨 Restarting unhealthy container: containers-api-1
containers-api-1
[2025-06-21 01:40:01] Running JeffOps watchdog...
[2025-06-21 01:40:01] 🚨 Restarting unhealthy container: containers-api-1
containers-api-1
[2025-06-21 01:45:01] Running JeffOps watchdog...
[2025-06-21 01:45:01] 🚨 Restarting unhealthy container: containers-api-1
containers-api-1
[2025-06-21 01:50:01] Running JeffOps watchdog...
[2025-06-21 01:50:01] 🚨 Restarting unhealthy container: containers-api-1
containers-api-1
[2025-06-21 01:55:01] Running JeffOps watchdog...
[2025-06-21 01:55:01] 🚨 Restarting unhealthy container: containers-api-1
containers-api-1
[2025-06-21 02:00:01] Running JeffOps watchdog...
[2025-06-21 02:00:01] 🚨 Restarting unhealthy container: containers-api-1
containers-api-1
[2025-06-21 02:05:01] Running JeffOps watchdog...
[2025-06-21 02:05:01] 🚨 Restarting unhealthy container: containers-api-1
containers-api-1
[2025-06-21 02:10:01] Running JeffOps watchdog...
[2025-06-21 02:10:01] 🚨 Restarting unhealthy container: containers-api-1
containers-api-1
[2025-06-21 02:15:01] Running JeffOps watchdog...
[2025-06-21 02:15:01] 🚨 Restarting unhealthy container: containers-api-1
containers-api-1
[2025-06-21 02:20:01] Running JeffOps watchdog...
[2025-06-21 02:20:01] 🚨 Restarting unhealthy container: containers-api-1
containers-api-1
[2025-06-21 02:25:01] Running JeffOps watchdog...
[2025-06-21 02:25:01] 🚨 Restarting unhealthy container: containers-api-1
containers-api-1
[2025-06-21 02:30:01] Running JeffOps watchdog...
[2025-06-21 02:30:01] 🚨 Restarting unhealthy container: containers-api-1
containers-api-1
[2025-06-21 02:35:01] Running JeffOps watchdog...
[2025-06-21 02:35:01] 🚨 Restarting unhealthy container: containers-api-1
containers-api-1
[2025-06-21 02:40:01] Running JeffOps watchdog...
[2025-06-21 02:40:01] 🚨 Restarting unhealthy container: containers-api-1
containers-api-1
[2025-06-21 02:45:01] Running JeffOps watchdog...
[2025-06-21 02:45:01] All containers healthy ✅
[2025-06-21 02:50:01] Running JeffOps watchdog...
[2025-06-21 02:50:01] All containers healthy ✅
[2025-06-21 02:55:01] Running JeffOps watchdog...
[2025-06-21 02:55:01] All containers healthy ✅
[2025-06-21 03:00:01] Running JeffOps watchdog...
[2025-06-21 03:00:01] All containers healthy ✅
[2025-06-21 03:05:01] Running JeffOps watchdog...
[2025-06-21 03:05:01] All containers healthy ✅
[2025-06-21 03:10:01] Running JeffOps watchdog...
[2025-06-21 03:10:01] All containers healthy ✅
[2025-06-21 03:15:01] Running JeffOps watchdog...
[2025-06-21 03:15:01] All containers healthy ✅
[2025-06-21 03:20:01] Running JeffOps watchdog...
[2025-06-21 03:20:01] All containers healthy ✅
[2025-06-21 03:25:01] Running JeffOps watchdog...
[2025-06-21 03:25:01] All containers healthy ✅
[2025-06-21 03:30:01] Running JeffOps watchdog...
[2025-06-21 03:30:01] All containers healthy ✅
[2025-06-21 03:35:01] Running JeffOps watchdog...
[2025-06-21 03:35:01] All containers healthy ✅
[2025-06-21 03:40:01] Running JeffOps watchdog...
[2025-06-21 03:40:01] All containers healthy ✅
[2025-06-21 03:45:01] Running JeffOps watchdog...
[2025-06-21 03:45:01] All containers healthy ✅
[2025-06-21 03:50:01] Running JeffOps watchdog...
[2025-06-21 03:50:01] All containers healthy ✅
[2025-06-21 03:55:01] Running JeffOps watchdog...
[2025-06-21 03:55:01] All containers healthy ✅
[2025-06-21 04:00:01] Running JeffOps watchdog...
[2025-06-21 04:00:01] All containers healthy ✅
[2025-06-21 04:05:01] Running JeffOps watchdog...
[2025-06-21 04:05:01] All containers healthy ✅
[2025-06-21 04:10:01] Running JeffOps watchdog...
[2025-06-21 04:10:01] All containers healthy ✅
[2025-06-21 04:15:01] Running JeffOps watchdog...
[2025-06-21 04:15:01] All containers healthy ✅
[2025-06-21 04:20:01] Running JeffOps watchdog...
[2025-06-21 04:20:01] All containers healthy ✅
[2025-06-21 04:25:01] Running JeffOps watchdog...
[2025-06-21 04:25:01] All containers healthy ✅
[2025-06-21 04:30:01] Running JeffOps watchdog...
[2025-06-21 04:30:01] All containers healthy ✅
[2025-06-21 04:35:01] Running JeffOps watchdog...
[2025-06-21 04:35:01] All containers healthy ✅
[2025-06-21 04:40:01] Running JeffOps watchdog...
[2025-06-21 04:40:01] All containers healthy ✅
[2025-06-21 04:45:01] Running JeffOps watchdog...
[2025-06-21 04:45:01] All containers healthy ✅
[2025-06-21 04:50:01] Running JeffOps watchdog...
[2025-06-21 04:50:01] All containers healthy ✅
[2025-06-21 04:55:01] Running JeffOps watchdog...
[2025-06-21 04:55:01] All containers healthy ✅
[2025-06-21 05:00:01] Running JeffOps watchdog...
[2025-06-21 05:00:01] All containers healthy ✅
[2025-06-21 05:05:01] Running JeffOps watchdog...
[2025-06-21 05:05:01] All containers healthy ✅
[2025-06-21 05:10:01] Running JeffOps watchdog...
[2025-06-21 05:10:01] All containers healthy ✅
[2025-06-21 05:15:01] Running JeffOps watchdog...
[2025-06-21 05:15:01] All containers healthy ✅
[2025-06-21 05:20:01] Running JeffOps watchdog...
[2025-06-21 05:20:01] All containers healthy ✅
[2025-06-21 05:25:01] Running JeffOps watchdog...
[2025-06-21 05:25:01] All containers healthy ✅
[2025-06-21 05:30:01] Running JeffOps watchdog...
[2025-06-21 05:30:01] All containers healthy ✅
[2025-06-21 05:35:01] Running JeffOps watchdog...
[2025-06-21 05:35:01] All containers healthy ✅
[2025-06-21 05:40:01] Running JeffOps watchdog...
[2025-06-21 05:40:01] All containers healthy ✅
[2025-06-21 05:45:01] Running JeffOps watchdog...
[2025-06-21 05:45:01] All containers healthy ✅
[2025-06-21 05:50:01] Running JeffOps watchdog...
[2025-06-21 05:50:01] All containers healthy ✅
[2025-06-21 05:55:01] Running JeffOps watchdog...
[2025-06-21 05:55:01] All containers healthy ✅
[2025-06-21 06:00:01] Running JeffOps watchdog...
[2025-06-21 06:00:01] All containers healthy ✅
[2025-06-21 06:05:01] Running JeffOps watchdog...
[2025-06-21 06:05:01] All containers healthy ✅
[2025-06-21 06:10:01] Running JeffOps watchdog...
[2025-06-21 06:10:01] All containers healthy ✅
[2025-06-21 06:15:01] Running JeffOps watchdog...
[2025-06-21 06:15:01] All containers healthy ✅
[2025-06-21 06:20:01] Running JeffOps watchdog...
[2025-06-21 06:20:01] All containers healthy ✅
[2025-06-21 06:25:01] Running JeffOps watchdog...
[2025-06-21 06:25:01] All containers healthy ✅
[2025-06-21 06:30:01] Running JeffOps watchdog...
[2025-06-21 06:30:01] All containers healthy ✅
[2025-06-21 06:35:01] Running JeffOps watchdog...
[2025-06-21 06:35:01] All containers healthy ✅
[2025-06-21 06:40:01] Running JeffOps watchdog...
[2025-06-21 06:40:01] All containers healthy ✅
[2025-06-21 06:45:01] Running JeffOps watchdog...
[2025-06-21 06:45:01] All containers healthy ✅
[2025-06-21 06:50:01] Running JeffOps watchdog...
[2025-06-21 06:50:01] All containers healthy ✅
[2025-06-21 06:55:01] Running JeffOps watchdog...
[2025-06-21 06:55:01] All containers healthy ✅
[2025-06-21 07:00:01] Running JeffOps watchdog...
[2025-06-21 07:00:01] All containers healthy ✅
[2025-06-21 07:05:01] Running JeffOps watchdog...
[2025-06-21 07:05:01] All containers healthy ✅
[2025-06-21 07:10:01] Running JeffOps watchdog...
[2025-06-21 07:10:01] All containers healthy ✅
[2025-06-21 07:15:01] Running JeffOps watchdog...
[2025-06-21 07:15:01] All containers healthy ✅
[2025-06-21 07:20:01] Running JeffOps watchdog...
[2025-06-21 07:20:01] All containers healthy ✅
[2025-06-21 07:25:01] Running JeffOps watchdog...
[2025-06-21 07:25:01] All containers healthy ✅
[2025-06-21 07:30:01] Running JeffOps watchdog...
[2025-06-21 07:30:01] All containers healthy ✅
[2025-06-21 07:35:01] Running JeffOps watchdog...
[2025-06-21 07:35:01] All containers healthy ✅
[2025-06-21 07:40:01] Running JeffOps watchdog...
[2025-06-21 07:40:01] All containers healthy ✅
[2025-06-21 07:45:01] Running JeffOps watchdog...
[2025-06-21 07:45:01] All containers healthy ✅
[2025-06-21 07:50:01] Running JeffOps watchdog...
[2025-06-21 07:50:01] All containers healthy ✅
[2025-06-21 07:55:01] Running JeffOps watchdog...
[2025-06-21 07:55:01] All containers healthy ✅
[2025-06-21 08:00:01] Running JeffOps watchdog...
[2025-06-21 08:00:01] All containers healthy ✅
[2025-06-21 08:05:01] Running JeffOps watchdog...
[2025-06-21 08:05:01] All containers healthy ✅
[2025-06-21 08:10:01] Running JeffOps watchdog...
[2025-06-21 08:10:01] All containers healthy ✅
[2025-06-21 08:15:01] Running JeffOps watchdog...
[2025-06-21 08:15:01] All containers healthy ✅
[2025-06-21 08:20:01] Running JeffOps watchdog...
[2025-06-21 08:20:01] All containers healthy ✅
[2025-06-21 08:25:01] Running JeffOps watchdog...
[2025-06-21 08:25:01] All containers healthy ✅
[2025-06-21 08:30:01] Running JeffOps watchdog...
[2025-06-21 08:30:01] All containers healthy ✅
[2025-06-21 08:35:01] Running JeffOps watchdog...
[2025-06-21 08:35:01] All containers healthy ✅
[2025-06-21 08:40:01] Running JeffOps watchdog...
[2025-06-21 08:40:01] All containers healthy ✅
[2025-06-21 08:45:01] Running JeffOps watchdog...
[2025-06-21 08:45:01] All containers healthy ✅
[2025-06-21 08:50:01] Running JeffOps watchdog...
[2025-06-21 08:50:01] All containers healthy ✅
[2025-06-21 08:55:01] Running JeffOps watchdog...
[2025-06-21 08:55:01] All containers healthy ✅
[2025-06-21 09:00:01] Running JeffOps watchdog...
[2025-06-21 09:00:01] All containers healthy ✅
[2025-06-21 09:05:01] Running JeffOps watchdog...
[2025-06-21 09:05:01] All containers healthy ✅
[2025-06-21 09:10:01] Running JeffOps watchdog...
[2025-06-21 09:10:01] All containers healthy ✅
[2025-06-21 09:15:01] Running JeffOps watchdog...
[2025-06-21 09:15:01] All containers healthy ✅
[2025-06-21 09:20:01] Running JeffOps watchdog...
[2025-06-21 09:20:01] All containers healthy ✅
[2025-06-21 09:25:01] Running JeffOps watchdog...
[2025-06-21 09:25:01] All containers healthy ✅
[2025-06-21 09:30:01] Running JeffOps watchdog...
[2025-06-21 09:30:01] All containers healthy ✅
[2025-06-21 09:35:01] Running JeffOps watchdog...
[2025-06-21 09:35:01] All containers healthy ✅
[2025-06-21 09:40:01] Running JeffOps watchdog...
[2025-06-21 09:40:01] All containers healthy ✅
[2025-06-21 09:45:01] Running JeffOps watchdog...
[2025-06-21 09:45:01] All containers healthy ✅
[2025-06-21 09:50:02] Running JeffOps watchdog...
[2025-06-21 09:50:02] All containers healthy ✅
[2025-06-21 09:55:01] Running JeffOps watchdog...
[2025-06-21 09:55:01] All containers healthy ✅
[2025-06-21 10:00:01] Running JeffOps watchdog...
[2025-06-21 10:00:01] All containers healthy ✅
[2025-06-21 10:05:01] Running JeffOps watchdog...
[2025-06-21 10:05:01] All containers healthy ✅
[2025-06-21 10:10:01] Running JeffOps watchdog...
[2025-06-21 10:10:01] All containers healthy ✅
[2025-06-21 10:15:01] Running JeffOps watchdog...
[2025-06-21 10:15:01] All containers healthy ✅
[2025-06-21 10:20:01] Running JeffOps watchdog...
[2025-06-21 10:20:01] All containers healthy ✅
[2025-06-21 10:25:01] Running JeffOps watchdog...
[2025-06-21 10:25:01] All containers healthy ✅
[2025-06-21 10:30:01] Running JeffOps watchdog...
[2025-06-21 10:30:01] All containers healthy ✅
[2025-06-21 10:35:01] Running JeffOps watchdog...
[2025-06-21 10:35:01] All containers healthy ✅
[2025-06-21 10:40:01] Running JeffOps watchdog...
[2025-06-21 10:40:01] All containers healthy ✅
[2025-06-21 10:45:01] Running JeffOps watchdog...
[2025-06-21 10:45:01] All containers healthy ✅
[2025-06-21 10:50:01] Running JeffOps watchdog...
[2025-06-21 10:50:01] All containers healthy ✅
[2025-06-21 10:55:01] Running JeffOps watchdog...
[2025-06-21 10:55:01] All containers healthy ✅
[2025-06-21 11:00:01] Running JeffOps watchdog...
[2025-06-21 11:00:01] All containers healthy ✅
[2025-06-21 11:05:01] Running JeffOps watchdog...
[2025-06-21 11:05:01] All containers healthy ✅
[2025-06-21 11:10:01] Running JeffOps watchdog...
[2025-06-21 11:10:01] All containers healthy ✅
[2025-06-21 11:15:01] Running JeffOps watchdog...
[2025-06-21 11:15:01] All containers healthy ✅
[2025-06-21 11:20:01] Running JeffOps watchdog...
[2025-06-21 11:20:01] All containers healthy ✅
[2025-06-21 11:25:01] Running JeffOps watchdog...
[2025-06-21 11:25:01] All containers healthy ✅
[2025-06-21 11:30:01] Running JeffOps watchdog...
[2025-06-21 11:30:01] All containers healthy ✅
[2025-06-21 11:35:01] Running JeffOps watchdog...
[2025-06-21 11:35:01] All containers healthy ✅
[2025-06-21 11:40:01] Running JeffOps watchdog...
[2025-06-21 11:40:01] All containers healthy ✅
[2025-06-21 11:45:01] Running JeffOps watchdog...
[2025-06-21 11:45:01] All containers healthy ✅
[2025-06-21 11:50:01] Running JeffOps watchdog...
[2025-06-21 11:50:01] All containers healthy ✅
[2025-06-21 11:55:01] Running JeffOps watchdog...
[2025-06-21 11:55:01] All containers healthy ✅
[2025-06-21 12:00:01] Running JeffOps watchdog...
[2025-06-21 12:00:01] All containers healthy ✅
[2025-06-21 12:05:01] Running JeffOps watchdog...
[2025-06-21 12:05:01] All containers healthy ✅
[2025-06-21 12:10:01] Running JeffOps watchdog...
[2025-06-21 12:10:01] All containers healthy ✅
[2025-06-21 12:15:01] Running JeffOps watchdog...
[2025-06-21 12:15:01] All containers healthy ✅
[2025-06-21 12:20:01] Running JeffOps watchdog...
[2025-06-21 12:20:01] All containers healthy ✅
[2025-06-21 12:25:01] Running JeffOps watchdog...
[2025-06-21 12:25:01] All containers healthy ✅
[2025-06-21 12:30:01] Running JeffOps watchdog...
[2025-06-21 12:30:01] All containers healthy ✅
[2025-06-21 12:35:01] Running JeffOps watchdog...
[2025-06-21 12:35:01] All containers healthy ✅
[2025-06-21 12:40:01] Running JeffOps watchdog...
[2025-06-21 12:40:01] All containers healthy ✅
[2025-06-21 12:45:01] Running JeffOps watchdog...
[2025-06-21 12:45:01] All containers healthy ✅
[2025-06-21 12:50:01] Running JeffOps watchdog...
[2025-06-21 12:50:01] All containers healthy ✅
[2025-06-21 12:55:01] Running JeffOps watchdog...
[2025-06-21 12:55:01] All containers healthy ✅
[2025-06-21 13:00:01] Running JeffOps watchdog...
[2025-06-21 13:00:01] All containers healthy ✅
[2025-06-21 13:05:01] Running JeffOps watchdog...
[2025-06-21 13:05:01] All containers healthy ✅
[2025-06-21 13:10:01] Running JeffOps watchdog...
[2025-06-21 13:10:01] All containers healthy ✅
[2025-06-21 13:15:02] Running JeffOps watchdog...
[2025-06-21 13:15:02] All containers healthy ✅
[2025-06-21 13:20:01] Running JeffOps watchdog...
[2025-06-21 13:20:01] All containers healthy ✅
[2025-06-21 13:25:01] Running JeffOps watchdog...
[2025-06-21 13:25:01] All containers healthy ✅
[2025-06-21 13:30:01] Running JeffOps watchdog...
[2025-06-21 13:30:01] All containers healthy ✅
[2025-06-21 13:35:01] Running JeffOps watchdog...
[2025-06-21 13:35:01] All containers healthy ✅
[2025-06-21 13:40:01] Running JeffOps watchdog...
[2025-06-21 13:40:01] All containers healthy ✅
[2025-06-21 13:45:01] Running JeffOps watchdog...
[2025-06-21 13:45:01] All containers healthy ✅
[2025-06-21 13:50:01] Running JeffOps watchdog...
[2025-06-21 13:50:01] All containers healthy ✅
[2025-06-21 13:55:01] Running JeffOps watchdog...
[2025-06-21 13:55:01] All containers healthy ✅
[2025-06-21 14:00:01] Running JeffOps watchdog...
[2025-06-21 14:00:01] All containers healthy ✅
[2025-06-21 14:05:01] Running JeffOps watchdog...
[2025-06-21 14:05:01] All containers healthy ✅
[2025-06-21 14:10:01] Running JeffOps watchdog...
[2025-06-21 14:10:01] All containers healthy ✅
[2025-06-21 14:15:01] Running JeffOps watchdog...
[2025-06-21 14:15:01] All containers healthy ✅
[2025-06-21 14:20:01] Running JeffOps watchdog...
[2025-06-21 14:20:01] All containers healthy ✅
[2025-06-21 14:25:01] Running JeffOps watchdog...
[2025-06-21 14:25:01] All containers healthy ✅
[2025-06-21 14:30:01] Running JeffOps watchdog...
[2025-06-21 14:30:01] All containers healthy ✅
[2025-06-21 14:35:01] Running JeffOps watchdog...
[2025-06-21 14:35:01] All containers healthy ✅
[2025-06-21 14:40:01] Running JeffOps watchdog...
[2025-06-21 14:40:01] All containers healthy ✅
[2025-06-21 14:45:01] Running JeffOps watchdog...
[2025-06-21 14:45:01] All containers healthy ✅
[2025-06-21 14:50:01] Running JeffOps watchdog...
[2025-06-21 14:50:01] All containers healthy ✅
[2025-06-21 14:55:01] Running JeffOps watchdog...
[2025-06-21 14:55:01] All containers healthy ✅
[2025-06-21 15:00:01] Running JeffOps watchdog...
[2025-06-21 15:00:01] All containers healthy ✅
[2025-06-21 15:05:01] Running JeffOps watchdog...
[2025-06-21 15:05:01] All containers healthy ✅
[2025-06-21 15:10:01] Running JeffOps watchdog...
[2025-06-21 15:10:01] All containers healthy ✅
[2025-06-21 15:15:01] Running JeffOps watchdog...
[2025-06-21 15:15:01] All containers healthy ✅
[2025-06-21 15:20:01] Running JeffOps watchdog...
[2025-06-21 15:20:01] All containers healthy ✅
[2025-06-21 15:25:01] Running JeffOps watchdog...
[2025-06-21 15:25:01] All containers healthy ✅
[2025-06-21 15:30:01] Running JeffOps watchdog...
[2025-06-21 15:30:01] All containers healthy ✅
[2025-06-21 15:35:01] Running JeffOps watchdog...
[2025-06-21 15:35:01] All containers healthy ✅
[2025-06-21 15:40:01] Running JeffOps watchdog...
[2025-06-21 15:40:01] All containers healthy ✅
[2025-06-21 15:45:01] Running JeffOps watchdog...
[2025-06-21 15:45:01] All containers healthy ✅
[2025-06-21 15:50:01] Running JeffOps watchdog...
[2025-06-21 15:50:01] All containers healthy ✅
[2025-06-21 15:55:01] Running JeffOps watchdog...
[2025-06-21 15:55:01] All containers healthy ✅
[2025-06-21 16:00:01] Running JeffOps watchdog...
[2025-06-21 16:00:01] All containers healthy ✅
[2025-06-21 16:05:01] Running JeffOps watchdog...
[2025-06-21 16:05:01] All containers healthy ✅
[2025-06-21 16:10:01] Running JeffOps watchdog...
[2025-06-21 16:10:01] All containers healthy ✅
[2025-06-21 16:15:01] Running JeffOps watchdog...
[2025-06-21 16:15:01] All containers healthy ✅
[2025-06-21 16:20:01] Running JeffOps watchdog...
[2025-06-21 16:20:01] All containers healthy ✅
[2025-06-21 16:25:01] Running JeffOps watchdog...
[2025-06-21 16:25:01] All containers healthy ✅
[2025-06-21 16:30:01] Running JeffOps watchdog...
[2025-06-21 16:30:01] All containers healthy ✅
[2025-06-21 16:35:01] Running JeffOps watchdog...
[2025-06-21 16:35:01] All containers healthy ✅
[2025-06-21 16:40:01] Running JeffOps watchdog...
[2025-06-21 16:40:01] All containers healthy ✅
[2025-06-21 16:45:01] Running JeffOps watchdog...
[2025-06-21 16:45:01] All containers healthy ✅
[2025-06-21 16:50:01] Running JeffOps watchdog...
[2025-06-21 16:50:01] All containers healthy ✅
[2025-06-21 16:55:01] Running JeffOps watchdog...
[2025-06-21 16:55:01] All containers healthy ✅
[2025-06-21 17:00:01] Running JeffOps watchdog...
[2025-06-21 17:00:01] All containers healthy ✅
[2025-06-21 17:05:01] Running JeffOps watchdog...
[2025-06-21 17:05:01] All containers healthy ✅
[2025-06-21 17:10:01] Running JeffOps watchdog...
[2025-06-21 17:10:01] All containers healthy ✅
[2025-06-21 17:15:01] Running JeffOps watchdog...
[2025-06-21 17:15:01] All containers healthy ✅
[2025-06-21 17:20:01] Running JeffOps watchdog...
[2025-06-21 17:20:01] All containers healthy ✅
[2025-06-21 17:25:01] Running JeffOps watchdog...
[2025-06-21 17:25:01] All containers healthy ✅
[2025-06-21 17:30:01] Running JeffOps watchdog...
[2025-06-21 17:30:01] All containers healthy ✅
[2025-06-21 17:35:01] Running JeffOps watchdog...
[2025-06-21 17:35:01] All containers healthy ✅
[2025-06-21 17:40:01] Running JeffOps watchdog...
[2025-06-21 17:40:01] All containers healthy ✅
[2025-06-21 17:45:01] Running JeffOps watchdog...
[2025-06-21 17:45:01] All containers healthy ✅
[2025-06-21 17:50:01] Running JeffOps watchdog...
[2025-06-21 17:50:01] All containers healthy ✅
[2025-06-21 17:55:01] Running JeffOps watchdog...
[2025-06-21 17:55:01] All containers healthy ✅
[2025-06-21 18:00:01] Running JeffOps watchdog...
[2025-06-21 18:00:01] All containers healthy ✅
[2025-06-21 18:05:01] Running JeffOps watchdog...
[2025-06-21 18:05:01] All containers healthy ✅
[2025-06-21 18:10:01] Running JeffOps watchdog...
[2025-06-21 18:10:01] All containers healthy ✅
[2025-06-21 18:15:01] Running JeffOps watchdog...
[2025-06-21 18:15:01] All containers healthy ✅
[2025-06-21 18:20:01] Running JeffOps watchdog...
[2025-06-21 18:20:01] All containers healthy ✅
[2025-06-21 18:25:01] Running JeffOps watchdog...
[2025-06-21 18:25:01] All containers healthy ✅
[2025-06-21 18:30:01] Running JeffOps watchdog...
[2025-06-21 18:30:01] All containers healthy ✅
[2025-06-21 18:35:01] Running JeffOps watchdog...
[2025-06-21 18:35:01] All containers healthy ✅
[2025-06-21 18:40:01] Running JeffOps watchdog...
[2025-06-21 18:40:01] All containers healthy ✅
[2025-06-21 18:45:01] Running JeffOps watchdog...
[2025-06-21 18:45:01] All containers healthy ✅
[2025-06-21 18:50:01] Running JeffOps watchdog...
[2025-06-21 18:50:01] All containers healthy ✅
[2025-06-21 18:55:01] Running JeffOps watchdog...
[2025-06-21 18:55:01] All containers healthy ✅
[2025-06-21 19:00:01] Running JeffOps watchdog...
[2025-06-21 19:00:01] All containers healthy ✅
[2025-06-21 19:05:01] Running JeffOps watchdog...
[2025-06-21 19:05:01] All containers healthy ✅
[2025-06-21 19:10:01] Running JeffOps watchdog...
[2025-06-21 19:10:01] All containers healthy ✅
[2025-06-21 19:15:01] Running JeffOps watchdog...
[2025-06-21 19:15:01] All containers healthy ✅
[2025-06-21 19:20:01] Running JeffOps watchdog...
[2025-06-21 19:20:01] All containers healthy ✅
[2025-06-21 19:25:01] Running JeffOps watchdog...
[2025-06-21 19:25:01] All containers healthy ✅
[2025-06-21 19:30:01] Running JeffOps watchdog...
[2025-06-21 19:30:01] All containers healthy ✅
[2025-06-21 19:35:01] Running JeffOps watchdog...
[2025-06-21 19:35:01] All containers healthy ✅
[2025-06-21 19:40:01] Running JeffOps watchdog...
[2025-06-21 19:40:01] All containers healthy ✅
[2025-06-21 19:45:01] Running JeffOps watchdog...
[2025-06-21 19:45:01] All containers healthy ✅
[2025-06-21 19:50:01] Running JeffOps watchdog...
[2025-06-21 19:50:01] All containers healthy ✅
[2025-06-21 19:55:01] Running JeffOps watchdog...
[2025-06-21 19:55:01] All containers healthy ✅
[2025-06-21 20:00:01] Running JeffOps watchdog...
[2025-06-21 20:00:01] All containers healthy ✅
[2025-06-21 20:05:01] Running JeffOps watchdog...
[2025-06-21 20:05:01] All containers healthy ✅
[2025-06-21 20:10:01] Running JeffOps watchdog...
[2025-06-21 20:10:01] All containers healthy ✅
[2025-06-21 20:15:01] Running JeffOps watchdog...
[2025-06-21 20:15:01] All containers healthy ✅
[2025-06-21 20:20:01] Running JeffOps watchdog...
[2025-06-21 20:20:01] All containers healthy ✅
[2025-06-21 20:25:01] Running JeffOps watchdog...
[2025-06-21 20:25:01] All containers healthy ✅
[2025-06-21 20:30:01] Running JeffOps watchdog...
[2025-06-21 20:30:01] All containers healthy ✅
[2025-06-21 20:35:01] Running JeffOps watchdog...
[2025-06-21 20:35:01] All containers healthy ✅
[2025-06-21 20:40:01] Running JeffOps watchdog...
[2025-06-21 20:40:01] All containers healthy ✅
[2025-06-21 20:45:01] Running JeffOps watchdog...
[2025-06-21 20:45:01] All containers healthy ✅
[2025-06-21 20:50:01] Running JeffOps watchdog...
[2025-06-21 20:50:01] All containers healthy ✅
[2025-06-21 20:55:01] Running JeffOps watchdog...
[2025-06-21 20:55:01] All containers healthy ✅
[2025-06-21 21:00:01] Running JeffOps watchdog...
[2025-06-21 21:00:01] All containers healthy ✅
[2025-06-21 21:05:01] Running JeffOps watchdog...
[2025-06-21 21:05:01] All containers healthy ✅
[2025-06-21 21:10:01] Running JeffOps watchdog...
[2025-06-21 21:10:01] All containers healthy ✅
[2025-06-21 21:15:01] Running JeffOps watchdog...
[2025-06-21 21:15:01] All containers healthy ✅
[2025-06-21 21:20:01] Running JeffOps watchdog...
[2025-06-21 21:20:01] All containers healthy ✅
[2025-06-21 21:25:01] Running JeffOps watchdog...
[2025-06-21 21:25:01] All containers healthy ✅
[2025-06-21 21:30:01] Running JeffOps watchdog...
[2025-06-21 21:30:01] All containers healthy ✅
[2025-06-21 21:35:01] Running JeffOps watchdog...
[2025-06-21 21:35:01] All containers healthy ✅
[2025-06-21 21:40:01] Running JeffOps watchdog...
[2025-06-21 21:40:01] All containers healthy ✅
[2025-06-21 21:45:01] Running JeffOps watchdog...
[2025-06-21 21:45:01] All containers healthy ✅
[2025-06-21 21:50:01] Running JeffOps watchdog...
[2025-06-21 21:50:01] All containers healthy ✅
[2025-06-21 21:55:01] Running JeffOps watchdog...
[2025-06-21 21:55:01] All containers healthy ✅
[2025-06-21 22:00:01] Running JeffOps watchdog...
[2025-06-21 22:00:01] All containers healthy ✅
[2025-06-21 22:05:01] Running JeffOps watchdog...
[2025-06-21 22:05:01] All containers healthy ✅
[2025-06-21 22:10:01] Running JeffOps watchdog...
[2025-06-21 22:10:01] All containers healthy ✅
[2025-06-21 22:15:01] Running JeffOps watchdog...
[2025-06-21 22:15:01] All containers healthy ✅
[2025-06-21 22:20:01] Running JeffOps watchdog...
[2025-06-21 22:20:01] All containers healthy ✅
[2025-06-21 22:25:01] Running JeffOps watchdog...
[2025-06-21 22:25:01] All containers healthy ✅
[2025-06-21 22:30:01] Running JeffOps watchdog...
[2025-06-21 22:30:01] All containers healthy ✅
[2025-06-21 22:35:01] Running JeffOps watchdog...
[2025-06-21 22:35:01] All containers healthy ✅
[2025-06-21 22:40:01] Running JeffOps watchdog...
[2025-06-21 22:40:01] All containers healthy ✅
[2025-06-21 22:45:01] Running JeffOps watchdog...
[2025-06-21 22:45:01] All containers healthy ✅
[2025-06-21 22:50:01] Running JeffOps watchdog...
[2025-06-21 22:50:01] All containers healthy ✅
[2025-06-21 22:55:01] Running JeffOps watchdog...
[2025-06-21 22:55:01] All containers healthy ✅
[2025-06-21 23:00:01] Running JeffOps watchdog...
[2025-06-21 23:00:01] All containers healthy ✅
[2025-06-21 23:05:01] Running JeffOps watchdog...
[2025-06-21 23:05:01] All containers healthy ✅
[2025-06-21 23:10:02] Running JeffOps watchdog...
[2025-06-21 23:10:02] All containers healthy ✅
[2025-06-21 23:15:01] Running JeffOps watchdog...
[2025-06-21 23:15:01] All containers healthy ✅
[2025-06-21 23:20:01] Running JeffOps watchdog...
[2025-06-21 23:20:01] All containers healthy ✅
[2025-06-21 23:25:01] Running JeffOps watchdog...
[2025-06-21 23:25:01] All containers healthy ✅
[2025-06-21 23:30:01] Running JeffOps watchdog...
[2025-06-21 23:30:01] All containers healthy ✅
[2025-06-21 23:35:01] Running JeffOps watchdog...
[2025-06-21 23:35:01] All containers healthy ✅
[2025-06-21 23:40:01] Running JeffOps watchdog...
[2025-06-21 23:40:01] All containers healthy ✅
[2025-06-21 23:45:01] Running JeffOps watchdog...
[2025-06-21 23:45:01] All containers healthy ✅
[2025-06-21 23:50:01] Running JeffOps watchdog...
[2025-06-21 23:50:01] All containers healthy ✅
[2025-06-21 23:55:01] Running JeffOps watchdog...
[2025-06-21 23:55:01] All containers healthy ✅
[2025-06-22 00:00:02] Running JeffOps watchdog...
[2025-06-22 00:00:02] All containers healthy ✅
[2025-06-22 00:05:01] Running JeffOps watchdog...
[2025-06-22 00:05:01] All containers healthy ✅
[2025-06-22 00:10:01] Running JeffOps watchdog...
[2025-06-22 00:10:01] All containers healthy ✅
[2025-06-22 00:15:01] Running JeffOps watchdog...
[2025-06-22 00:15:01] All containers healthy ✅
[2025-06-22 00:20:01] Running JeffOps watchdog...
[2025-06-22 00:20:01] All containers healthy ✅
[2025-06-22 00:25:01] Running JeffOps watchdog...
[2025-06-22 00:25:01] All containers healthy ✅
[2025-06-22 00:30:01] Running JeffOps watchdog...
[2025-06-22 00:30:01] All containers healthy ✅
[2025-06-22 00:35:01] Running JeffOps watchdog...
[2025-06-22 00:35:01] All containers healthy ✅
[2025-06-22 00:40:01] Running JeffOps watchdog...
[2025-06-22 00:40:01] All containers healthy ✅
[2025-06-22 00:45:01] Running JeffOps watchdog...
[2025-06-22 00:45:01] All containers healthy ✅
[2025-06-22 00:50:01] Running JeffOps watchdog...
[2025-06-22 00:50:01] All containers healthy ✅
[2025-06-22 00:55:01] Running JeffOps watchdog...
[2025-06-22 00:55:01] All containers healthy ✅
[2025-06-22 01:00:01] Running JeffOps watchdog...
[2025-06-22 01:00:01] All containers healthy ✅
[2025-06-22 01:05:01] Running JeffOps watchdog...
[2025-06-22 01:05:01] All containers healthy ✅
[2025-06-22 01:10:01] Running JeffOps watchdog...
[2025-06-22 01:10:01] All containers healthy ✅
[2025-06-22 01:15:01] Running JeffOps watchdog...
[2025-06-22 01:15:01] All containers healthy ✅
[2025-06-22 01:20:01] Running JeffOps watchdog...
[2025-06-22 01:20:01] All containers healthy ✅
[2025-06-22 01:25:01] Running JeffOps watchdog...
[2025-06-22 01:25:01] All containers healthy ✅
[2025-06-22 01:30:01] Running JeffOps watchdog...
[2025-06-22 01:30:01] All containers healthy ✅
[2025-06-22 01:35:01] Running JeffOps watchdog...
[2025-06-22 01:35:01] All containers healthy ✅
[2025-06-22 01:40:01] Running JeffOps watchdog...
[2025-06-22 01:40:01] All containers healthy ✅
[2025-06-22 01:45:01] Running JeffOps watchdog...
[2025-06-22 01:45:01] All containers healthy ✅
[2025-06-22 01:50:01] Running JeffOps watchdog...
[2025-06-22 01:50:01] All containers healthy ✅
[2025-06-22 01:55:01] Running JeffOps watchdog...
[2025-06-22 01:55:01] All containers healthy ✅
[2025-06-22 02:00:01] Running JeffOps watchdog...
[2025-06-22 02:00:01] All containers healthy ✅
[2025-06-22 02:05:01] Running JeffOps watchdog...
[2025-06-22 02:05:01] All containers healthy ✅
[2025-06-22 02:10:01] Running JeffOps watchdog...
[2025-06-22 02:10:01] All containers healthy ✅
[2025-06-22 02:15:01] Running JeffOps watchdog...
[2025-06-22 02:15:01] All containers healthy ✅
[2025-06-22 02:20:01] Running JeffOps watchdog...
[2025-06-22 02:20:01] All containers healthy ✅
[2025-06-22 02:25:01] Running JeffOps watchdog...
[2025-06-22 02:25:01] All containers healthy ✅
[2025-06-22 02:30:01] Running JeffOps watchdog...
[2025-06-22 02:30:01] All containers healthy ✅
[2025-06-22 02:35:01] Running JeffOps watchdog...
[2025-06-22 02:35:01] All containers healthy ✅
[2025-06-22 02:40:01] Running JeffOps watchdog...
[2025-06-22 02:40:01] All containers healthy ✅
[2025-06-22 02:45:01] Running JeffOps watchdog...
[2025-06-22 02:45:01] All containers healthy ✅
[2025-06-22 02:50:01] Running JeffOps watchdog...
[2025-06-22 02:50:01] All containers healthy ✅
[2025-06-22 02:55:01] Running JeffOps watchdog...
[2025-06-22 02:55:01] All containers healthy ✅
[2025-06-22 03:00:01] Running JeffOps watchdog...
[2025-06-22 03:00:01] All containers healthy ✅
[2025-06-22 03:05:01] Running JeffOps watchdog...
[2025-06-22 03:05:01] All containers healthy ✅
[2025-06-22 03:10:01] Running JeffOps watchdog...
[2025-06-22 03:10:01] All containers healthy ✅
[2025-06-22 03:15:01] Running JeffOps watchdog...
[2025-06-22 03:15:01] All containers healthy ✅
[2025-06-22 03:20:01] Running JeffOps watchdog...
[2025-06-22 03:20:01] All containers healthy ✅
[2025-06-22 03:25:01] Running JeffOps watchdog...
[2025-06-22 03:25:01] All containers healthy ✅
[2025-06-22 03:30:01] Running JeffOps watchdog...
[2025-06-22 03:30:01] All containers healthy ✅
[2025-06-22 03:35:01] Running JeffOps watchdog...
[2025-06-22 03:35:01] All containers healthy ✅
[2025-06-22 03:40:01] Running JeffOps watchdog...
[2025-06-22 03:40:01] All containers healthy ✅
[2025-06-22 03:45:01] Running JeffOps watchdog...
[2025-06-22 03:45:01] All containers healthy ✅
[2025-06-22 03:50:01] Running JeffOps watchdog...
[2025-06-22 03:50:01] All containers healthy ✅
[2025-06-22 03:55:01] Running JeffOps watchdog...
[2025-06-22 03:55:01] All containers healthy ✅
[2025-06-22 04:00:01] Running JeffOps watchdog...
[2025-06-22 04:00:01] All containers healthy ✅
[2025-06-22 04:05:01] Running JeffOps watchdog...
[2025-06-22 04:05:01] All containers healthy ✅
[2025-06-22 04:10:01] Running JeffOps watchdog...
[2025-06-22 04:10:01] All containers healthy ✅
[2025-06-22 04:15:01] Running JeffOps watchdog...
[2025-06-22 04:15:01] All containers healthy ✅
[2025-06-22 04:20:01] Running JeffOps watchdog...
[2025-06-22 04:20:01] All containers healthy ✅
[2025-06-22 04:25:01] Running JeffOps watchdog...
[2025-06-22 04:25:01] All containers healthy ✅
[2025-06-22 04:30:01] Running JeffOps watchdog...
[2025-06-22 04:30:01] All containers healthy ✅
[2025-06-22 04:35:01] Running JeffOps watchdog...
[2025-06-22 04:35:01] All containers healthy ✅
[2025-06-22 04:40:01] Running JeffOps watchdog...
[2025-06-22 04:40:01] All containers healthy ✅
[2025-06-22 04:45:01] Running JeffOps watchdog...
[2025-06-22 04:45:01] All containers healthy ✅
[2025-06-22 04:50:01] Running JeffOps watchdog...
[2025-06-22 04:50:01] All containers healthy ✅
[2025-06-22 04:55:01] Running JeffOps watchdog...
[2025-06-22 04:55:01] All containers healthy ✅
[2025-06-22 05:00:01] Running JeffOps watchdog...
[2025-06-22 05:00:01] All containers healthy ✅
[2025-06-22 05:05:01] Running JeffOps watchdog...
[2025-06-22 05:05:01] All containers healthy ✅
[2025-06-22 05:10:01] Running JeffOps watchdog...
[2025-06-22 05:10:01] All containers healthy ✅
[2025-06-22 05:15:01] Running JeffOps watchdog...
[2025-06-22 05:15:01] All containers healthy ✅
[2025-06-22 05:20:01] Running JeffOps watchdog...
[2025-06-22 05:20:01] All containers healthy ✅
[2025-06-22 05:25:01] Running JeffOps watchdog...
[2025-06-22 05:25:01] All containers healthy ✅
[2025-06-22 05:30:01] Running JeffOps watchdog...
[2025-06-22 05:30:01] All containers healthy ✅
[2025-06-22 05:35:01] Running JeffOps watchdog...
[2025-06-22 05:35:01] All containers healthy ✅
[2025-06-22 05:40:01] Running JeffOps watchdog...
[2025-06-22 05:40:01] 🚨 Restarting unhealthy container: containers-api-1
containers-api-1
[2025-06-22 05:45:01] Running JeffOps watchdog...
[2025-06-22 05:45:01] All containers healthy ✅
[2025-06-22 05:50:01] Running JeffOps watchdog...
[2025-06-22 05:50:01] All containers healthy ✅
[2025-06-22 05:55:01] Running JeffOps watchdog...
[2025-06-22 05:55:01] All containers healthy ✅
[2025-06-22 06:00:01] Running JeffOps watchdog...
[2025-06-22 06:00:01] All containers healthy ✅
[2025-06-22 06:05:01] Running JeffOps watchdog...
[2025-06-22 06:05:01] All containers healthy ✅
[2025-06-22 06:10:01] Running JeffOps watchdog...
[2025-06-22 06:10:01] All containers healthy ✅
[2025-06-22 06:15:01] Running JeffOps watchdog...
[2025-06-22 06:15:01] All containers healthy ✅
[2025-06-22 06:20:01] Running JeffOps watchdog...
[2025-06-22 06:20:01] All containers healthy ✅
[2025-06-22 06:25:01] Running JeffOps watchdog...
[2025-06-22 06:25:01] All containers healthy ✅
[2025-06-22 06:30:01] Running JeffOps watchdog...
[2025-06-22 06:30:01] All containers healthy ✅
[2025-06-22 06:35:01] Running JeffOps watchdog...
[2025-06-22 06:35:01] All containers healthy ✅
[2025-06-22 06:40:01] Running JeffOps watchdog...
[2025-06-22 06:40:01] All containers healthy ✅
[2025-06-22 06:45:01] Running JeffOps watchdog...
[2025-06-22 06:45:01] All containers healthy ✅
[2025-06-22 06:50:01] Running JeffOps watchdog...
[2025-06-22 06:50:01] All containers healthy ✅
[2025-06-22 06:55:01] Running JeffOps watchdog...
[2025-06-22 06:55:01] All containers healthy ✅
[2025-06-22 07:00:01] Running JeffOps watchdog...
[2025-06-22 07:00:01] All containers healthy ✅
[2025-06-22 07:05:01] Running JeffOps watchdog...
[2025-06-22 07:05:01] All containers healthy ✅
[2025-06-22 07:10:01] Running JeffOps watchdog...
[2025-06-22 07:10:01] All containers healthy ✅
[2025-06-22 07:15:01] Running JeffOps watchdog...
[2025-06-22 07:15:01] All containers healthy ✅
[2025-06-22 07:20:01] Running JeffOps watchdog...
[2025-06-22 07:20:01] All containers healthy ✅
[2025-06-22 07:25:01] Running JeffOps watchdog...
[2025-06-22 07:25:01] All containers healthy ✅
[2025-06-22 07:30:01] Running JeffOps watchdog...
[2025-06-22 07:30:01] All containers healthy ✅
[2025-06-22 07:35:01] Running JeffOps watchdog...
[2025-06-22 07:35:01] All containers healthy ✅
[2025-06-22 07:40:02] Running JeffOps watchdog...
[2025-06-22 07:40:02] All containers healthy ✅
[2025-06-22 07:45:01] Running JeffOps watchdog...
[2025-06-22 07:45:01] All containers healthy ✅
[2025-06-22 07:50:01] Running JeffOps watchdog...
[2025-06-22 07:50:01] All containers healthy ✅
[2025-06-22 07:55:01] Running JeffOps watchdog...
[2025-06-22 07:55:01] All containers healthy ✅
[2025-06-22 08:00:01] Running JeffOps watchdog...
[2025-06-22 08:00:01] All containers healthy ✅
[2025-06-22 08:05:01] Running JeffOps watchdog...
[2025-06-22 08:05:01] All containers healthy ✅
[2025-06-22 08:10:01] Running JeffOps watchdog...
[2025-06-22 08:10:01] All containers healthy ✅
